Removed Pin From Net: NetName=5V Pin=C2-1
Removed Pin From Net: NetName=GND Pin=C2-2
Removed Pin From Net: NetName=5V Pin=JP1-1
Removed Pin From Net: NetName=PA4 Pin=JP1-2
Removed Pin From Net: NetName=5V Pin=JP2-1
Removed Pin From Net: NetName=PA6 Pin=JP2-2
Removed Pin From Net: NetName=5V Pin=JP4-1
Removed Pin From Net: NetName=PA3 Pin=JP4-2
Removed Pin From Net: NetName=5V Pin=JP5-1
Removed Pin From Net: NetName=PA5 Pin=JP5-2
Added Pin To Net: NetName=GND Pin=C2-1
Added Pin To Net: NetName=5V Pin=C2-2
Added Pin To Net: NetName=PA4 Pin=JP1-1
Added Pin To Net: NetName=5V Pin=JP1-2
Added Pin To Net: NetName=PA6 Pin=JP2-1
Added Pin To Net: NetName=5V Pin=JP2-2
Added Pin To Net: NetName=PA3 Pin=JP4-1
Added Pin To Net: NetName=5V Pin=JP4-2
Added Pin To Net: NetName=PA5 Pin=JP5-1
Added Pin To Net: NetName=5V Pin=JP5-2
Added Member To Class: ClassName=Schematic_Project Member=Component C3 104
Added Member To Class: ClassName=Schematic_Project Member=Component C16 104
Added Member To Class: ClassName=Schematic_Project Member=Component C17 104
Added Member To Class: ClassName=Schematic_Project Member=Component C19 220uF
Added Room: Name=Schematic_Project
