Removed Pin From Net: NetName=GND Pin=C2-1
Removed Pin From Net: NetName=5V Pin=C2-2
Removed Pin From Net: NetName=5V Pin=C5-1
Removed Pin From Net: NetName=GND Pin=C5-2
Removed Pin From Net: NetName=5V Pin=JP1-2
Removed Pin From Net: NetName=GND Pin=JP1-4
Removed Pin From Net: NetName=5V Pin=JP2-2
Removed Pin From Net: NetName=GND Pin=JP2-4
Removed Pin From Net: NetName=5V Pin=JP4-2
Removed Pin From Net: NetName=GND Pin=JP4-4
Removed Pin From Net: NetName=5V Pin=JP5-2
Removed Pin From Net: NetName=GND Pin=JP5-4
Added Pin To Net: NetName=5V Pin=C2-1
Added Pin To Net: NetName=GND Pin=C2-2
Added Pin To Net: NetName=GND Pin=C5-1
Added Pin To Net: NetName=5V Pin=C5-2
Added Pin To Net: NetName=GND Pin=JP1-2
Added Pin To Net: NetName=5V Pin=JP1-4
Added Pin To Net: NetName=GND Pin=JP2-2
Added Pin To Net: NetName=5V Pin=JP2-4
Added Pin To Net: NetName=GND Pin=JP4-2
Added Pin To Net: NetName=5V Pin=JP4-4
Added Pin To Net: NetName=GND Pin=JP5-2
Added Pin To Net: NetName=5V Pin=JP5-4
