Removed Pin From Net: NetName=5V Pin=L1-1
Removed Member From Class: ClassName=Schematic_Project Member=JP7
Change Component Comment : Designator=U2 Old Comment=LM1117RS-3.3 New Comment=LM1117-3.3V
Change Component Designator: OldDesignator=C1 NewDesignator=C18
Change Component Designator: OldDesignator=C2 NewDesignator=C19
Change Component Designator: OldDesignator=C3 NewDesignator=C20
Change Component Designator: OldDesignator=C4 NewDesignator=C21
Change Component Designator: OldDesignator=C5 NewDesignator=C1
Change Component Designator: OldDesignator=C6 NewDesignator=C4
Change Component Designator: OldDesignator=C7 NewDesignator=C3
Change Component Designator: OldDesignator=C8 NewDesignator=C2
Change Component Designator: OldDesignator=C9 NewDesignator=C5
Change Component Designator: OldDesignator=C10 NewDesignator=C6
Change Component Designator: OldDesignator=C11 NewDesignator=C7
Change Component Designator: OldDesignator=C12 NewDesignator=C8
Change Component Designator: OldDesignator=C13 NewDesignator=C9
Change Component Designator: OldDesignator=C14 NewDesignator=C10
Change Component Designator: OldDesignator=C15 NewDesignator=C11
Change Component Designator: OldDesignator=C16 NewDesignator=C12
Change Component Designator: OldDesignator=C17 NewDesignator=C13
Change Component Designator: OldDesignator=C18 NewDesignator=C14
Change Component Designator: OldDesignator=C19 NewDesignator=C15
Change Component Designator: OldDesignator=C20 NewDesignator=C16
Change Component Designator: OldDesignator=C21 NewDesignator=C17
Change Component Designator: OldDesignator=JP2 NewDesignator=JP3
Change Component Designator: OldDesignator=JP6 NewDesignator=JP1
Change Component Designator: OldDesignator=JP7 NewDesignator=JP2
Change Component Designator: OldDesignator=JP8 NewDesignator=JP4
Change Component Designator: OldDesignator=JP9 NewDesignator=JP5
Change Component Designator: OldDesignator=JP10 NewDesignator=JP6
Change Component Designator: OldDesignator=R6 NewDesignator=R7
Change Component Designator: OldDesignator=R7 NewDesignator=R6
Change component parameters: Designator = "U2" ("U2"); Footprint = "TO-252-2_L6.6-W6.1-P4.57-LS9.9-TL-CW"; UniqueID = "\EKWSFHRH" ("\EKWSFHRH")
Change component parameters (AddParameter): Name = "Creator"; Value = "Nguyen Ba Bien"; VariantName = "[No Variations]"
Change component parameters (AddParameter): Name = "Website"; Value = "http://group3i.net"; VariantName = "[No Variations]"
Added Pin To Net: NetName=3.3V Pin=L1-1
Added Member To Class: ClassName=Schematic_Project Member=Component JP3 DHT22
